# JRE version: Java(TM) SE Runtime Environment (8.0_20-b26) (build 1.8.0_20-b26)
# Java VM: Java HotSpot(TM) Server VM (25.20-b23 mixed mode windows-x86 )
Heap:
 PSYoungGen      total 35840K, used 2556K [0x2e6c0000, 0x30c40000, 0x3d000000)
  eden space 33280K, 0% used [0x2e6c0000,0x2e6c0000,0x30740000)
  from space 2560K, 99% used [0x309c0000,0x30c3f2b8,0x30c40000)
  to   space 2560K, 0% used [0x30740000,0x30740000,0x309c0000)
 ParOldGen       total 43776K, used 6897K [0x11400000, 0x13ec0000, 0x2e6c0000)
  object space 43776K, 15% used [0x11400000,0x11abc5b8,0x13ec0000)
 Metaspace       used 15906K, capacity 16351K, committed 16384K, reserved 16768K
GC Heap History (10 events):
Event: 0.411 GC heap after
Heap after GC invocations=1 (full 0):
 PSYoungGen      total 19200K, used 2546K [0x2e6c0000, 0x2fc00000, 0x3d000000)
  eden space 16640K, 0% used [0x2e6c0000,0x2e6c0000,0x2f700000)
  from space 2560K, 99% used [0x2f700000,0x2f97cb80,0x2f980000)
  to   space 2560K, 0% used [0x2f980000,0x2f980000,0x2fc00000)
 ParOldGen       total 43776K, used 1568K [0x11400000, 0x13ec0000, 0x2e6c0000)
  object space 43776K, 3% used [0x11400000,0x11588390,0x13ec0000)
 Metaspace       used 8376K, capacity 8513K, committed 8576K, reserved 8576K
}
Event: 0.630 GC heap before
{Heap before GC invocations=2 (full 0):
 PSYoungGen      total 19200K, used 19186K [0x2e6c0000, 0x2fc00000, 0x3d000000)
  eden space 16640K, 100% used [0x2e6c0000,0x2f700000,0x2f700000)
  from space 2560K, 99% used [0x2f700000,0x2f97cb80,0x2f980000)
  to   space 2560K, 0% used [0x2f980000,0x2f980000,0x2fc00000)
 ParOldGen       total 43776K, used 1568K [0x11400000, 0x13ec0000, 0x2e6c0000)
  object space 43776K, 3% used [0x11400000,0x11588390,0x13ec0000)
 Metaspace       used 10055K, capacity 10148K, committed 10240K, reserved 10624K
Event: 0.633 GC heap after
Heap after GC invocations=2 (full 0):
 PSYoungGen      total 19200K, used 2554K [0x2e6c0000, 0x30c40000, 0x3d000000)
  eden space 16640K, 0% used [0x2e6c0000,0x2e6c0000,0x2f700000)
  from space 2560K, 99% used [0x2f980000,0x2fbfeba0,0x2fc00000)
  to   space 2560K, 0% used [0x2f700000,0x2f700000,0x2f980000)
 ParOldGen       total 43776K, used 2548K [0x11400000, 0x13ec0000, 0x2e6c0000)
  object space 43776K, 5% used [0x11400000,0x1167d078,0x13ec0000)
 Metaspace       used 10055K, capacity 10148K, committed 10240K, reserved 10624K
}
Event: 0.747 GC heap before
{Heap before GC invocations=3 (full 0):
 PSYoungGen      total 19200K, used 19194K [0x2e6c0000, 0x30c40000, 0x3d000000)
  eden space 16640K, 100% used [0x2e6c0000,0x2f700000,0x2f700000)
  from space 2560K, 99% used [0x2f980000,0x2fbfeba0,0x2fc00000)
  to   space 2560K, 0% used [0x2f700000,0x2f700000,0x2f980000)
 ParOldGen       total 43776K, used 2548K [0x11400000, 0x13ec0000, 0x2e6c0000)
  object space 43776K, 5% used [0x11400000,0x1167d078,0x13ec0000)
 Metaspace       used 10361K, capacity 10568K, committed 10624K, reserved 10624K
Event: 0.750 GC heap after
Heap after GC invocations=3 (full 0):
 PSYoungGen      total 19200K, used 2553K [0x2e6c0000, 0x30c40000, 0x3d000000)
  eden space 16640K, 0% used [0x2e6c0000,0x2e6c0000,0x2f700000)
  from space 2560K, 99% used [0x2f700000,0x2f97e790,0x2f980000)
  to   space 2560K, 0% used [0x309c0000,0x309c0000,0x30c40000)
 ParOldGen       total 43776K, used 3533K [0x11400000, 0x13ec0000, 0x2e6c0000)
  object space 43776K, 8% used [0x11400000,0x117736c8,0x13ec0000)
 Metaspace       used 10361K, capacity 10568K, committed 10624K, reserved 10624K
}
Event: 0.924 GC heap before
{Heap before GC invocations=4 (full 0):
 PSYoungGen      total 19200K, used 19188K [0x2e6c0000, 0x30c40000, 0x3d000000)
  eden space 16640K, 99% used [0x2e6c0000,0x2f6fec18,0x2f700000)
  from space 2560K, 99% used [0x2f700000,0x2f97e790,0x2f980000)
  to   space 2560K, 0% used [0x309c0000,0x309c0000,0x30c40000)
 ParOldGen       total 43776K, used 3533K [0x11400000, 0x13ec0000, 0x2e6c0000)
  object space 43776K, 8% used [0x11400000,0x117736c8,0x13ec0000)
 Metaspace       used 12743K, capacity 13233K, committed 13312K, reserved 13696K
Event: 0.929 GC heap after
Heap after GC invocations=4 (full 0):
 PSYoungGen      total 35840K, used 2544K [0x2e6c0000, 0x30c40000, 0x3d000000)
  eden space 33280K, 0% used [0x2e6c0000,0x2e6c0000,0x30740000)
  from space 2560K, 99% used [0x309c0000,0x30c3c1e0,0x30c40000)
  to   space 2560K, 0% used [0x30740000,0x30740000,0x309c0000)
 ParOldGen       total 43776K, used 4978K [0x11400000, 0x13ec0000, 0x2e6c0000)
  object space 43776K, 11% used [0x11400000,0x118dc928,0x13ec0000)
 Metaspace       used 12743K, capacity 13233K, committed 13312K, reserved 13696K
}
Event: 1.156 GC heap before
{Heap before GC invocations=5 (full 0):
 PSYoungGen      total 35840K, used 35824K [0x2e6c0000, 0x30c40000, 0x3d000000)
  eden space 33280K, 100% used [0x2e6c0000,0x30740000,0x30740000)
  from space 2560K, 99% used [0x309c0000,0x30c3c1e0,0x30c40000)
  to   space 2560K, 0% used [0x30740000,0x30740000,0x309c0000)
 ParOldGen       total 43776K, used 4978K [0x11400000, 0x13ec0000, 0x2e6c0000)
  object space 43776K, 11% used [0x11400000,0x118dc928,0x13ec0000)
 Metaspace       used 15408K, capacity 15863K, committed 16000K, reserved 16768K
Event: 1.162 GC heap after
Heap after GC invocations=5 (full 0):
 PSYoungGen      total 35840K, used 2556K [0x2e6c0000, 0x30c40000, 0x3d000000)
  eden space 33280K, 0% used [0x2e6c0000,0x2e6c0000,0x30740000)
  from space 2560K, 99% used [0x30740000,0x309bf298,0x309c0000)
  to   space 2560K, 0% used [0x309c0000,0x309c0000,0x30c40000)
 ParOldGen       total 43776K, used 6720K [0x11400000, 0x13ec0000, 0x2e6c0000)
  object space 43776K, 15% used [0x11400000,0x11a90200,0x13ec0000)
 Metaspace       used 15408K, capacity 15863K, committed 16000K, reserved 16768K
}
Event: 1.208 GC heap before
{Heap before GC invocations=6 (full 0):
 PSYoungGen      total 35840K, used 18067K [0x2e6c0000, 0x30c40000, 0x3d000000)
  eden space 33280K, 46% used [0x2e6c0000,0x2f5e5b10,0x30740000)
  from space 2560K, 99% used [0x30740000,0x309bf298,0x309c0000)
  to   space 2560K, 0% used [0x309c0000,0x309c0000,0x30c40000)
 ParOldGen       total 43776K, used 6720K [0x11400000, 0x13ec0000, 0x2e6c0000)
  object space 43776K, 15% used [0x11400000,0x11a90200,0x13ec0000)
 Metaspace       used 15906K, capacity 16351K, committed 16384K, reserved 16768K

