# JRE version: Java(TM) SE Runtime Environment (8.0_20-b26) (build 1.8.0_20-b26)
# Java VM: Java HotSpot(TM) Server VM (25.20-b23 mixed mode windows-x86 )
Heap:
 PSYoungGen      total 35840K, used 8069K [0x2eec0000, 0x31440000, 0x3d800000)
  eden space 33280K, 24% used [0x2eec0000,0x2f6a1400,0x30f40000)
  from space 2560K, 0% used [0x30f40000,0x30f40000,0x311c0000)
  to   space 2560K, 0% used [0x311c0000,0x311c0000,0x31440000)
 ParOldGen       total 34048K, used 7343K [0x11c00000, 0x13d40000, 0x2eec0000)
  object space 34048K, 21% used [0x11c00000,0x1232bfe0,0x13d40000)
 Metaspace       used 17592K, capacity 18105K, committed 18176K, reserved 22912K
GC Heap History (10 events):
Event: 3.899 GC heap before
{Heap before GC invocations=25 (full 10):
 PSYoungGen      total 35840K, used 0K [0x2eec0000, 0x31440000, 0x3d800000)
  eden space 33280K, 0% used [0x2eec0000,0x2eec0000,0x30f40000)
  from space 2560K, 0% used [0x30f40000,0x30f40000,0x311c0000)
  to   space 2560K, 0% used [0x311c0000,0x311c0000,0x31440000)
 ParOldGen       total 34048K, used 7493K [0x11c00000, 0x13d40000, 0x2eec0000)
  object space 34048K, 22% used [0x11c00000,0x123516e0,0x13d40000)
 Metaspace       used 17511K, capacity 18001K, committed 18048K, reserved 23936K
Event: 3.921 GC heap after
Heap after GC invocations=25 (full 10):
 PSYoungGen      total 35840K, used 0K [0x2eec0000, 0x31440000, 0x3d800000)
  eden space 33280K, 0% used [0x2eec0000,0x2eec0000,0x30f40000)
  from space 2560K, 0% used [0x30f40000,0x30f40000,0x311c0000)
  to   space 2560K, 0% used [0x311c0000,0x311c0000,0x31440000)
 ParOldGen       total 34048K, used 7345K [0x11c00000, 0x13d40000, 0x2eec0000)
  object space 34048K, 21% used [0x11c00000,0x1232c428,0x13d40000)
 Metaspace       used 17511K, capacity 18001K, committed 18048K, reserved 21888K
}
Event: 3.921 GC heap before
{Heap before GC invocations=26 (full 10):
 PSYoungGen      total 35840K, used 323K [0x2eec0000, 0x31440000, 0x3d800000)
  eden space 33280K, 0% used [0x2eec0000,0x2ef10fb0,0x30f40000)
  from space 2560K, 0% used [0x30f40000,0x30f40000,0x311c0000)
  to   space 2560K, 0% used [0x311c0000,0x311c0000,0x31440000)
 ParOldGen       total 34048K, used 7345K [0x11c00000, 0x13d40000, 0x2eec0000)
  object space 34048K, 21% used [0x11c00000,0x1232c428,0x13d40000)
 Metaspace       used 17512K, capacity 18001K, committed 18048K, reserved 24960K
Event: 3.922 GC heap after
Heap after GC invocations=26 (full 10):
 PSYoungGen      total 35840K, used 48K [0x2eec0000, 0x31440000, 0x3d800000)
  eden space 33280K, 0% used [0x2eec0000,0x2eec0000,0x30f40000)
  from space 2560K, 1% used [0x311c0000,0x311cc000,0x31440000)
  to   space 2560K, 0% used [0x30f40000,0x30f40000,0x311c0000)
 ParOldGen       total 34048K, used 7345K [0x11c00000, 0x13d40000, 0x2eec0000)
  object space 34048K, 21% used [0x11c00000,0x1232c428,0x13d40000)
 Metaspace       used 17512K, capacity 18001K, committed 18048K, reserved 24960K
}
Event: 3.922 GC heap before
{Heap before GC invocations=27 (full 11):
 PSYoungGen      total 35840K, used 48K [0x2eec0000, 0x31440000, 0x3d800000)
  eden space 33280K, 0% used [0x2eec0000,0x2eec0000,0x30f40000)
  from space 2560K, 1% used [0x311c0000,0x311cc000,0x31440000)
  to   space 2560K, 0% used [0x30f40000,0x30f40000,0x311c0000)
 ParOldGen       total 34048K, used 7345K [0x11c00000, 0x13d40000, 0x2eec0000)
  object space 34048K, 21% used [0x11c00000,0x1232c428,0x13d40000)
 Metaspace       used 17512K, capacity 18001K, committed 18048K, reserved 24960K
Event: 3.943 GC heap after
Heap after GC invocations=27 (full 11):
 PSYoungGen      total 35840K, used 0K [0x2eec0000, 0x31440000, 0x3d800000)
  eden space 33280K, 0% used [0x2eec0000,0x2eec0000,0x30f40000)
  from space 2560K, 0% used [0x311c0000,0x311c0000,0x31440000)
  to   space 2560K, 0% used [0x30f40000,0x30f40000,0x311c0000)
 ParOldGen       total 34048K, used 7344K [0x11c00000, 0x13d40000, 0x2eec0000)
  object space 34048K, 21% used [0x11c00000,0x1232c020,0x13d40000)
 Metaspace       used 17512K, capacity 18001K, committed 18048K, reserved 21888K
}
Event: 3.943 GC heap before
{Heap before GC invocations=28 (full 11):
 PSYoungGen      total 35840K, used 0K [0x2eec0000, 0x31440000, 0x3d800000)
  eden space 33280K, 0% used [0x2eec0000,0x2eec0000,0x30f40000)
  from space 2560K, 0% used [0x311c0000,0x311c0000,0x31440000)
  to   space 2560K, 0% used [0x30f40000,0x30f40000,0x311c0000)
 ParOldGen       total 34048K, used 7344K [0x11c00000, 0x13d40000, 0x2eec0000)
  object space 34048K, 21% used [0x11c00000,0x1232c020,0x13d40000)
 Metaspace       used 17512K, capacity 18001K, committed 18048K, reserved 23936K
Event: 3.944 GC heap after
Heap after GC invocations=28 (full 11):
 PSYoungGen      total 35840K, used 0K [0x2eec0000, 0x31440000, 0x3d800000)
  eden space 33280K, 0% used [0x2eec0000,0x2eec0000,0x30f40000)
  from space 2560K, 0% used [0x30f40000,0x30f40000,0x311c0000)
  to   space 2560K, 0% used [0x311c0000,0x311c0000,0x31440000)
 ParOldGen       total 34048K, used 7344K [0x11c00000, 0x13d40000, 0x2eec0000)
  object space 34048K, 21% used [0x11c00000,0x1232c020,0x13d40000)
 Metaspace       used 17512K, capacity 18001K, committed 18048K, reserved 23936K
}
Event: 3.944 GC heap before
{Heap before GC invocations=29 (full 12):
 PSYoungGen      total 35840K, used 0K [0x2eec0000, 0x31440000, 0x3d800000)
  eden space 33280K, 0% used [0x2eec0000,0x2eec0000,0x30f40000)
  from space 2560K, 0% used [0x30f40000,0x30f40000,0x311c0000)
  to   space 2560K, 0% used [0x311c0000,0x311c0000,0x31440000)
 ParOldGen       total 34048K, used 7344K [0x11c00000, 0x13d40000, 0x2eec0000)
  object space 34048K, 21% used [0x11c00000,0x1232c020,0x13d40000)
 Metaspace       used 17512K, capacity 18001K, committed 18048K, reserved 23936K
Event: 3.971 GC heap after
Heap after GC invocations=29 (full 12):
 PSYoungGen      total 35840K, used 0K [0x2eec0000, 0x31440000, 0x3d800000)
  eden space 33280K, 0% used [0x2eec0000,0x2eec0000,0x30f40000)
  from space 2560K, 0% used [0x30f40000,0x30f40000,0x311c0000)
  to   space 2560K, 0% used [0x311c0000,0x311c0000,0x31440000)
 ParOldGen       total 34048K, used 7343K [0x11c00000, 0x13d40000, 0x2eec0000)
  object space 34048K, 21% used [0x11c00000,0x1232bfe0,0x13d40000)
 Metaspace       used 17512K, capacity 18001K, committed 18048K, reserved 21888K
}

