# JRE version: Java(TM) SE Runtime Environment (8.0_20-b26) (build 1.8.0_20-b26)
# Java VM: Java HotSpot(TM) Server VM (25.20-b23 mixed mode windows-x86 )
Heap:
 PSYoungGen      total 35840K, used 17397K [0x2e6c0000, 0x30c40000, 0x3d000000)
  eden space 33280K, 52% used [0x2e6c0000,0x2f7bd450,0x30740000)
  from space 2560K, 0% used [0x309c0000,0x309c0000,0x30c40000)
  to   space 2560K, 0% used [0x30740000,0x30740000,0x309c0000)
 ParOldGen       total 32256K, used 6747K [0x11400000, 0x13380000, 0x2e6c0000)
  object space 32256K, 20% used [0x11400000,0x11a96e80,0x13380000)
 Metaspace       used 16442K, capacity 16892K, committed 17024K, reserved 17792K
GC Heap History (10 events):
Event: 0.868 GC heap before
{Heap before GC invocations=3 (full 0):
 PSYoungGen      total 19200K, used 19186K [0x2e6c0000, 0x2fc00000, 0x3d000000)
  eden space 16640K, 100% used [0x2e6c0000,0x2f700000,0x2f700000)
  from space 2560K, 99% used [0x2f980000,0x2fbfcb90,0x2fc00000)
  to   space 2560K, 0% used [0x2f700000,0x2f700000,0x2f980000)
 ParOldGen       total 43776K, used 1059K [0x11400000, 0x13ec0000, 0x2e6c0000)
  object space 43776K, 2% used [0x11400000,0x11508ce0,0x13ec0000)
 Metaspace       used 10361K, capacity 10568K, committed 10624K, reserved 10624K
Event: 0.872 GC heap after
Heap after GC invocations=3 (full 0):
 PSYoungGen      total 19200K, used 2553K [0x2e6c0000, 0x30c40000, 0x3d000000)
  eden space 16640K, 0% used [0x2e6c0000,0x2e6c0000,0x2f700000)
  from space 2560K, 99% used [0x2f700000,0x2f97e770,0x2f980000)
  to   space 2560K, 0% used [0x309c0000,0x309c0000,0x30c40000)
 ParOldGen       total 43776K, used 2039K [0x11400000, 0x13ec0000, 0x2e6c0000)
  object space 43776K, 4% used [0x11400000,0x115fdec0,0x13ec0000)
 Metaspace       used 10361K, capacity 10568K, committed 10624K, reserved 10624K
}
Event: 1.042 GC heap before
{Heap before GC invocations=4 (full 0):
 PSYoungGen      total 19200K, used 19193K [0x2e6c0000, 0x30c40000, 0x3d000000)
  eden space 16640K, 100% used [0x2e6c0000,0x2f700000,0x2f700000)
  from space 2560K, 99% used [0x2f700000,0x2f97e770,0x2f980000)
  to   space 2560K, 0% used [0x309c0000,0x309c0000,0x30c40000)
 ParOldGen       total 43776K, used 2039K [0x11400000, 0x13ec0000, 0x2e6c0000)
  object space 43776K, 4% used [0x11400000,0x115fdec0,0x13ec0000)
 Metaspace       used 12803K, capacity 13294K, committed 13312K, reserved 13696K
Event: 1.048 GC heap after
Heap after GC invocations=4 (full 0):
 PSYoungGen      total 35840K, used 2544K [0x2e6c0000, 0x30c40000, 0x3d000000)
  eden space 33280K, 0% used [0x2e6c0000,0x2e6c0000,0x30740000)
  from space 2560K, 99% used [0x309c0000,0x30c3c390,0x30c40000)
  to   space 2560K, 0% used [0x30740000,0x30740000,0x309c0000)
 ParOldGen       total 43776K, used 3488K [0x11400000, 0x13ec0000, 0x2e6c0000)
  object space 43776K, 7% used [0x11400000,0x11768098,0x13ec0000)
 Metaspace       used 12803K, capacity 13294K, committed 13312K, reserved 13696K
}
Event: 1.247 GC heap before
{Heap before GC invocations=5 (full 0):
 PSYoungGen      total 35840K, used 35824K [0x2e6c0000, 0x30c40000, 0x3d000000)
  eden space 33280K, 100% used [0x2e6c0000,0x30740000,0x30740000)
  from space 2560K, 99% used [0x309c0000,0x30c3c390,0x30c40000)
  to   space 2560K, 0% used [0x30740000,0x30740000,0x309c0000)
 ParOldGen       total 43776K, used 3488K [0x11400000, 0x13ec0000, 0x2e6c0000)
  object space 43776K, 7% used [0x11400000,0x11768098,0x13ec0000)
 Metaspace       used 15364K, capacity 15853K, committed 15872K, reserved 16768K
Event: 1.254 GC heap after
Heap after GC invocations=5 (full 0):
 PSYoungGen      total 35840K, used 2546K [0x2e6c0000, 0x30c40000, 0x3d000000)
  eden space 33280K, 0% used [0x2e6c0000,0x2e6c0000,0x30740000)
  from space 2560K, 99% used [0x30740000,0x309bcbb8,0x309c0000)
  to   space 2560K, 0% used [0x309c0000,0x309c0000,0x30c40000)
 ParOldGen       total 43776K, used 5123K [0x11400000, 0x13ec0000, 0x2e6c0000)
  object space 43776K, 11% used [0x11400000,0x11900f08,0x13ec0000)
 Metaspace       used 15364K, capacity 15853K, committed 15872K, reserved 16768K
}
Event: 1.294 GC heap before
{Heap before GC invocations=6 (full 0):
 PSYoungGen      total 35840K, used 17052K [0x2e6c0000, 0x30c40000, 0x3d000000)
  eden space 33280K, 43% used [0x2e6c0000,0x2f4ea600,0x30740000)
  from space 2560K, 99% used [0x30740000,0x309bcbb8,0x309c0000)
  to   space 2560K, 0% used [0x309c0000,0x309c0000,0x30c40000)
 ParOldGen       total 43776K, used 5123K [0x11400000, 0x13ec0000, 0x2e6c0000)
  object space 43776K, 11% used [0x11400000,0x11900f08,0x13ec0000)
 Metaspace       used 15926K, capacity 16378K, committed 16384K, reserved 16768K
Event: 1.298 GC heap after
Heap after GC invocations=6 (full 0):
 PSYoungGen      total 35840K, used 2554K [0x2e6c0000, 0x30c40000, 0x3d000000)
  eden space 33280K, 0% used [0x2e6c0000,0x2e6c0000,0x30740000)
  from space 2560K, 99% used [0x309c0000,0x30c3eb88,0x30c40000)
  to   space 2560K, 0% used [0x30740000,0x30740000,0x309c0000)
 ParOldGen       total 43776K, used 5348K [0x11400000, 0x13ec0000, 0x2e6c0000)
  object space 43776K, 12% used [0x11400000,0x11939310,0x13ec0000)
 Metaspace       used 15926K, capacity 16378K, committed 16384K, reserved 16768K
}
Event: 1.298 GC heap before
{Heap before GC invocations=7 (full 1):
 PSYoungGen      total 35840K, used 2554K [0x2e6c0000, 0x30c40000, 0x3d000000)
  eden space 33280K, 0% used [0x2e6c0000,0x2e6c0000,0x30740000)
  from space 2560K, 99% used [0x309c0000,0x30c3eb88,0x30c40000)
  to   space 2560K, 0% used [0x30740000,0x30740000,0x309c0000)
 ParOldGen       total 43776K, used 5348K [0x11400000, 0x13ec0000, 0x2e6c0000)
  object space 43776K, 12% used [0x11400000,0x11939310,0x13ec0000)
 Metaspace       used 15926K, capacity 16378K, committed 16384K, reserved 16768K
Event: 1.328 GC heap after
Heap after GC invocations=7 (full 1):
 PSYoungGen      total 35840K, used 0K [0x2e6c0000, 0x30c40000, 0x3d000000)
  eden space 33280K, 0% used [0x2e6c0000,0x2e6c0000,0x30740000)
  from space 2560K, 0% used [0x309c0000,0x309c0000,0x30c40000)
  to   space 2560K, 0% used [0x30740000,0x30740000,0x309c0000)
 ParOldGen       total 32256K, used 6747K [0x11400000, 0x13380000, 0x2e6c0000)
  object space 32256K, 20% used [0x11400000,0x11a96e80,0x13380000)
 Metaspace       used 15925K, capacity 16375K, committed 16384K, reserved 16768K
}

