# JRE version: Java(TM) SE Runtime Environment (8.0_20-b26) (build 1.8.0_20-b26)
# Java VM: Java HotSpot(TM) Server VM (25.20-b23 mixed mode windows-x86 )
Heap:
 PSYoungGen      total 35840K, used 792K [0x2e6c0000, 0x30c40000, 0x3d000000)
  eden space 33280K, 0% used [0x2e6c0000,0x2e6c0000,0x30740000)
  from space 2560K, 30% used [0x30740000,0x30806330,0x309c0000)
  to   space 2560K, 0% used [0x309c0000,0x309c0000,0x30c40000)
 ParOldGen       total 33536K, used 6824K [0x11400000, 0x134c0000, 0x2e6c0000)
  object space 33536K, 20% used [0x11400000,0x11aaa3d8,0x134c0000)
 Metaspace       used 16741K, capacity 17228K, committed 17280K, reserved 20864K
GC Heap History (10 events):
Event: 0.871 GC heap before
{Heap before GC invocations=3 (full 0):
 PSYoungGen      total 19200K, used 19149K [0x2e6c0000, 0x2fc00000, 0x3d000000)
  eden space 16640K, 99% used [0x2e6c0000,0x2f6f4a80,0x2f700000)
  from space 2560K, 99% used [0x2f980000,0x2fbfeb80,0x2fc00000)
  to   space 2560K, 0% used [0x2f700000,0x2f700000,0x2f980000)
 ParOldGen       total 43776K, used 1093K [0x11400000, 0x13ec0000, 0x2e6c0000)
  object space 43776K, 2% used [0x11400000,0x11511768,0x13ec0000)
 Metaspace       used 10363K, capacity 10568K, committed 10624K, reserved 10624K
Event: 0.874 GC heap after
Heap after GC invocations=3 (full 0):
 PSYoungGen      total 19200K, used 2547K [0x2e6c0000, 0x30c40000, 0x3d000000)
  eden space 16640K, 0% used [0x2e6c0000,0x2e6c0000,0x2f700000)
  from space 2560K, 99% used [0x2f700000,0x2f97cfc8,0x2f980000)
  to   space 2560K, 0% used [0x309c0000,0x309c0000,0x30c40000)
 ParOldGen       total 43776K, used 2116K [0x11400000, 0x13ec0000, 0x2e6c0000)
  object space 43776K, 4% used [0x11400000,0x11611010,0x13ec0000)
 Metaspace       used 10363K, capacity 10568K, committed 10624K, reserved 10624K
}
Event: 1.052 GC heap before
{Heap before GC invocations=4 (full 0):
 PSYoungGen      total 19200K, used 19187K [0x2e6c0000, 0x30c40000, 0x3d000000)
  eden space 16640K, 100% used [0x2e6c0000,0x2f700000,0x2f700000)
  from space 2560K, 99% used [0x2f700000,0x2f97cfc8,0x2f980000)
  to   space 2560K, 0% used [0x309c0000,0x309c0000,0x30c40000)
 ParOldGen       total 43776K, used 2116K [0x11400000, 0x13ec0000, 0x2e6c0000)
  object space 43776K, 4% used [0x11400000,0x11611010,0x13ec0000)
 Metaspace       used 12730K, capacity 13164K, committed 13312K, reserved 13696K
Event: 1.059 GC heap after
Heap after GC invocations=4 (full 0):
 PSYoungGen      total 35840K, used 2544K [0x2e6c0000, 0x30c40000, 0x3d000000)
  eden space 33280K, 0% used [0x2e6c0000,0x2e6c0000,0x30740000)
  from space 2560K, 99% used [0x309c0000,0x30c3c0b0,0x30c40000)
  to   space 2560K, 0% used [0x30740000,0x30740000,0x309c0000)
 ParOldGen       total 43776K, used 3330K [0x11400000, 0x13ec0000, 0x2e6c0000)
  object space 43776K, 7% used [0x11400000,0x117409e0,0x13ec0000)
 Metaspace       used 12730K, capacity 13164K, committed 13312K, reserved 13696K
}
Event: 1.257 GC heap before
{Heap before GC invocations=5 (full 0):
 PSYoungGen      total 35840K, used 35824K [0x2e6c0000, 0x30c40000, 0x3d000000)
  eden space 33280K, 100% used [0x2e6c0000,0x30740000,0x30740000)
  from space 2560K, 99% used [0x309c0000,0x30c3c0b0,0x30c40000)
  to   space 2560K, 0% used [0x30740000,0x30740000,0x309c0000)
 ParOldGen       total 43776K, used 3330K [0x11400000, 0x13ec0000, 0x2e6c0000)
  object space 43776K, 7% used [0x11400000,0x117409e0,0x13ec0000)
 Metaspace       used 15396K, capacity 15858K, committed 16000K, reserved 16768K
Event: 1.262 GC heap after
Heap after GC invocations=5 (full 0):
 PSYoungGen      total 35840K, used 2559K [0x2e6c0000, 0x30c40000, 0x3d000000)
  eden space 33280K, 0% used [0x2e6c0000,0x2e6c0000,0x30740000)
  from space 2560K, 99% used [0x30740000,0x309bfdf0,0x309c0000)
  to   space 2560K, 0% used [0x309c0000,0x309c0000,0x30c40000)
 ParOldGen       total 43776K, used 5148K [0x11400000, 0x13ec0000, 0x2e6c0000)
  object space 43776K, 11% used [0x11400000,0x11907220,0x13ec0000)
 Metaspace       used 15396K, capacity 15858K, committed 16000K, reserved 16768K
}
Event: 1.309 GC heap before
{Heap before GC invocations=6 (full 0):
 PSYoungGen      total 35840K, used 19226K [0x2e6c0000, 0x30c40000, 0x3d000000)
  eden space 33280K, 50% used [0x2e6c0000,0x2f706c00,0x30740000)
  from space 2560K, 99% used [0x30740000,0x309bfdf0,0x309c0000)
  to   space 2560K, 0% used [0x309c0000,0x309c0000,0x30c40000)
 ParOldGen       total 43776K, used 5148K [0x11400000, 0x13ec0000, 0x2e6c0000)
  object space 43776K, 11% used [0x11400000,0x11907220,0x13ec0000)
 Metaspace       used 15897K, capacity 16317K, committed 16384K, reserved 16768K
Event: 1.313 GC heap after
Heap after GC invocations=6 (full 0):
 PSYoungGen      total 35840K, used 2546K [0x2e6c0000, 0x30c40000, 0x3d000000)
  eden space 33280K, 0% used [0x2e6c0000,0x2e6c0000,0x30740000)
  from space 2560K, 99% used [0x309c0000,0x30c3caf8,0x30c40000)
  to   space 2560K, 0% used [0x30740000,0x30740000,0x309c0000)
 ParOldGen       total 43776K, used 5360K [0x11400000, 0x13ec0000, 0x2e6c0000)
  object space 43776K, 12% used [0x11400000,0x1193c3b8,0x13ec0000)
 Metaspace       used 15897K, capacity 16317K, committed 16384K, reserved 16768K
}
Event: 1.313 GC heap before
{Heap before GC invocations=7 (full 1):
 PSYoungGen      total 35840K, used 2546K [0x2e6c0000, 0x30c40000, 0x3d000000)
  eden space 33280K, 0% used [0x2e6c0000,0x2e6c0000,0x30740000)
  from space 2560K, 99% used [0x309c0000,0x30c3caf8,0x30c40000)
  to   space 2560K, 0% used [0x30740000,0x30740000,0x309c0000)
 ParOldGen       total 43776K, used 5360K [0x11400000, 0x13ec0000, 0x2e6c0000)
  object space 43776K, 12% used [0x11400000,0x1193c3b8,0x13ec0000)
 Metaspace       used 15897K, capacity 16317K, committed 16384K, reserved 16768K
Event: 1.346 GC heap after
Heap after GC invocations=7 (full 1):
 PSYoungGen      total 35840K, used 0K [0x2e6c0000, 0x30c40000, 0x3d000000)
  eden space 33280K, 0% used [0x2e6c0000,0x2e6c0000,0x30740000)
  from space 2560K, 0% used [0x309c0000,0x309c0000,0x30c40000)
  to   space 2560K, 0% used [0x30740000,0x30740000,0x309c0000)
 ParOldGen       total 33536K, used 6820K [0x11400000, 0x134c0000, 0x2e6c0000)
  object space 33536K, 20% used [0x11400000,0x11aa93d8,0x134c0000)
 Metaspace       used 15896K, capacity 16314K, committed 16384K, reserved 16768K
}

