# JRE version: Java(TM) SE Runtime Environment (8.0_20-b26) (build 1.8.0_20-b26)
# Java VM: Java HotSpot(TM) Server VM (25.20-b23 mixed mode windows-x86 )
Heap:
 PSYoungGen      total 35840K, used 23416K [0x2e6c0000, 0x30c40000, 0x3d000000)
  eden space 33280K, 70% used [0x2e6c0000,0x2fd9e1b0,0x30740000)
  from space 2560K, 0% used [0x309c0000,0x309c0000,0x30c40000)
  to   space 2560K, 0% used [0x30740000,0x30740000,0x309c0000)
 ParOldGen       total 33024K, used 6858K [0x11400000, 0x13440000, 0x2e6c0000)
  object space 33024K, 20% used [0x11400000,0x11ab2840,0x13440000)
 Metaspace       used 16708K, capacity 17184K, committed 17280K, reserved 17792K
GC Heap History (10 events):
Event: 0.886 GC heap before
{Heap before GC invocations=3 (full 0):
 PSYoungGen      total 19200K, used 19186K [0x2e6c0000, 0x2fc00000, 0x3d000000)
  eden space 16640K, 100% used [0x2e6c0000,0x2f700000,0x2f700000)
  from space 2560K, 99% used [0x2f980000,0x2fbfcbb0,0x2fc00000)
  to   space 2560K, 0% used [0x2f700000,0x2f700000,0x2f980000)
 ParOldGen       total 43776K, used 1559K [0x11400000, 0x13ec0000, 0x2e6c0000)
  object space 43776K, 3% used [0x11400000,0x11585f90,0x13ec0000)
 Metaspace       used 10348K, capacity 10532K, committed 10624K, reserved 10624K
Event: 0.890 GC heap after
Heap after GC invocations=3 (full 0):
 PSYoungGen      total 19200K, used 2554K [0x2e6c0000, 0x30c40000, 0x3d000000)
  eden space 16640K, 0% used [0x2e6c0000,0x2e6c0000,0x2f700000)
  from space 2560K, 99% used [0x2f700000,0x2f97eba0,0x2f980000)
  to   space 2560K, 0% used [0x309c0000,0x309c0000,0x30c40000)
 ParOldGen       total 43776K, used 2491K [0x11400000, 0x13ec0000, 0x2e6c0000)
  object space 43776K, 5% used [0x11400000,0x1166ee88,0x13ec0000)
 Metaspace       used 10348K, capacity 10532K, committed 10624K, reserved 10624K
}
Event: 1.065 GC heap before
{Heap before GC invocations=4 (full 0):
 PSYoungGen      total 19200K, used 19194K [0x2e6c0000, 0x30c40000, 0x3d000000)
  eden space 16640K, 100% used [0x2e6c0000,0x2f700000,0x2f700000)
  from space 2560K, 99% used [0x2f700000,0x2f97eba0,0x2f980000)
  to   space 2560K, 0% used [0x309c0000,0x309c0000,0x30c40000)
 ParOldGen       total 43776K, used 2491K [0x11400000, 0x13ec0000, 0x2e6c0000)
  object space 43776K, 5% used [0x11400000,0x1166ee88,0x13ec0000)
 Metaspace       used 12824K, capacity 13322K, committed 13440K, reserved 13696K
Event: 1.069 GC heap after
Heap after GC invocations=4 (full 0):
 PSYoungGen      total 35840K, used 2544K [0x2e6c0000, 0x30c40000, 0x3d000000)
  eden space 33280K, 0% used [0x2e6c0000,0x2e6c0000,0x30740000)
  from space 2560K, 99% used [0x309c0000,0x30c3c100,0x30c40000)
  to   space 2560K, 0% used [0x30740000,0x30740000,0x309c0000)
 ParOldGen       total 43776K, used 3977K [0x11400000, 0x13ec0000, 0x2e6c0000)
  object space 43776K, 9% used [0x11400000,0x117e2538,0x13ec0000)
 Metaspace       used 12824K, capacity 13322K, committed 13440K, reserved 13696K
}
Event: 1.296 GC heap before
{Heap before GC invocations=5 (full 0):
 PSYoungGen      total 35840K, used 35824K [0x2e6c0000, 0x30c40000, 0x3d000000)
  eden space 33280K, 100% used [0x2e6c0000,0x30740000,0x30740000)
  from space 2560K, 99% used [0x309c0000,0x30c3c100,0x30c40000)
  to   space 2560K, 0% used [0x30740000,0x30740000,0x309c0000)
 ParOldGen       total 43776K, used 3977K [0x11400000, 0x13ec0000, 0x2e6c0000)
  object space 43776K, 9% used [0x11400000,0x117e2538,0x13ec0000)
 Metaspace       used 15448K, capacity 15921K, committed 16000K, reserved 16768K
Event: 1.303 GC heap after
Heap after GC invocations=5 (full 0):
 PSYoungGen      total 35840K, used 2558K [0x2e6c0000, 0x30c40000, 0x3d000000)
  eden space 33280K, 0% used [0x2e6c0000,0x2e6c0000,0x30740000)
  from space 2560K, 99% used [0x30740000,0x309bf880,0x309c0000)
  to   space 2560K, 0% used [0x309c0000,0x309c0000,0x30c40000)
 ParOldGen       total 43776K, used 5667K [0x11400000, 0x13ec0000, 0x2e6c0000)
  object space 43776K, 12% used [0x11400000,0x11988d70,0x13ec0000)
 Metaspace       used 15448K, capacity 15921K, committed 16000K, reserved 16768K
}
Event: 1.347 GC heap before
{Heap before GC invocations=6 (full 0):
 PSYoungGen      total 35840K, used 13703K [0x2e6c0000, 0x30c40000, 0x3d000000)
  eden space 33280K, 33% used [0x2e6c0000,0x2f1a2548,0x30740000)
  from space 2560K, 99% used [0x30740000,0x309bf880,0x309c0000)
  to   space 2560K, 0% used [0x309c0000,0x309c0000,0x30c40000)
 ParOldGen       total 43776K, used 5667K [0x11400000, 0x13ec0000, 0x2e6c0000)
  object space 43776K, 12% used [0x11400000,0x11988d70,0x13ec0000)
 Metaspace       used 15882K, capacity 16345K, committed 16384K, reserved 16768K
Event: 1.350 GC heap after
Heap after GC invocations=6 (full 0):
 PSYoungGen      total 35840K, used 2549K [0x2e6c0000, 0x30c40000, 0x3d000000)
  eden space 33280K, 0% used [0x2e6c0000,0x2e6c0000,0x30740000)
  from space 2560K, 99% used [0x309c0000,0x30c3d610,0x30c40000)
  to   space 2560K, 0% used [0x30740000,0x30740000,0x309c0000)
 ParOldGen       total 43776K, used 5812K [0x11400000, 0x13ec0000, 0x2e6c0000)
  object space 43776K, 13% used [0x11400000,0x119ad128,0x13ec0000)
 Metaspace       used 15882K, capacity 16345K, committed 16384K, reserved 16768K
}
Event: 1.350 GC heap before
{Heap before GC invocations=7 (full 1):
 PSYoungGen      total 35840K, used 2549K [0x2e6c0000, 0x30c40000, 0x3d000000)
  eden space 33280K, 0% used [0x2e6c0000,0x2e6c0000,0x30740000)
  from space 2560K, 99% used [0x309c0000,0x30c3d610,0x30c40000)
  to   space 2560K, 0% used [0x30740000,0x30740000,0x309c0000)
 ParOldGen       total 43776K, used 5812K [0x11400000, 0x13ec0000, 0x2e6c0000)
  object space 43776K, 13% used [0x11400000,0x119ad128,0x13ec0000)
 Metaspace       used 15882K, capacity 16345K, committed 16384K, reserved 16768K
Event: 1.383 GC heap after
Heap after GC invocations=7 (full 1):
 PSYoungGen      total 35840K, used 0K [0x2e6c0000, 0x30c40000, 0x3d000000)
  eden space 33280K, 0% used [0x2e6c0000,0x2e6c0000,0x30740000)
  from space 2560K, 0% used [0x309c0000,0x309c0000,0x30c40000)
  to   space 2560K, 0% used [0x30740000,0x30740000,0x309c0000)
 ParOldGen       total 33024K, used 6858K [0x11400000, 0x13440000, 0x2e6c0000)
  object space 33024K, 20% used [0x11400000,0x11ab2840,0x13440000)
 Metaspace       used 15881K, capacity 16342K, committed 16384K, reserved 16768K
}

