# JRE version: Java(TM) SE Runtime Environment (8.0_20-b26) (build 1.8.0_20-b26)
# Java VM: Java HotSpot(TM) Server VM (25.20-b23 mixed mode windows-x86 )
Heap:
 PSYoungGen      total 71424K, used 36711K [0x2eec0000, 0x33940000, 0x3d800000)
  eden space 66560K, 55% used [0x2eec0000,0x31299fb8,0x32fc0000)
  from space 4864K, 0% used [0x33480000,0x33480000,0x33940000)
  to   space 4864K, 0% used [0x32fc0000,0x32fc0000,0x33480000)
 ParOldGen       total 34048K, used 7276K [0x11c00000, 0x13d40000, 0x2eec0000)
  object space 34048K, 21% used [0x11c00000,0x1231b118,0x13d40000)
 Metaspace       used 17914K, capacity 18405K, committed 18560K, reserved 18816K
GC Heap History (10 events):
Event: 0.839 GC heap before
{Heap before GC invocations=3 (full 0):
 PSYoungGen      total 19200K, used 19186K [0x2eec0000, 0x30400000, 0x3d800000)
  eden space 16640K, 100% used [0x2eec0000,0x2ff00000,0x2ff00000)
  from space 2560K, 99% used [0x30180000,0x303fc8b0,0x30400000)
  to   space 2560K, 0% used [0x2ff00000,0x2ff00000,0x30180000)
 ParOldGen       total 43776K, used 1461K [0x11c00000, 0x146c0000, 0x2eec0000)
  object space 43776K, 3% used [0x11c00000,0x11d6d4c0,0x146c0000)
 Metaspace       used 9906K, capacity 10077K, committed 10112K, reserved 10624K
Event: 0.842 GC heap after
Heap after GC invocations=3 (full 0):
 PSYoungGen      total 19200K, used 2552K [0x2eec0000, 0x31440000, 0x3d800000)
  eden space 16640K, 0% used [0x2eec0000,0x2eec0000,0x2ff00000)
  from space 2560K, 99% used [0x2ff00000,0x3017e228,0x30180000)
  to   space 2560K, 0% used [0x311c0000,0x311c0000,0x31440000)
 ParOldGen       total 43776K, used 2022K [0x11c00000, 0x146c0000, 0x2eec0000)
  object space 43776K, 4% used [0x11c00000,0x11df9870,0x146c0000)
 Metaspace       used 9906K, capacity 10077K, committed 10112K, reserved 10624K
}
Event: 1.075 GC heap before
{Heap before GC invocations=4 (full 0):
 PSYoungGen      total 19200K, used 19192K [0x2eec0000, 0x31440000, 0x3d800000)
  eden space 16640K, 100% used [0x2eec0000,0x2ff00000,0x2ff00000)
  from space 2560K, 99% used [0x2ff00000,0x3017e228,0x30180000)
  to   space 2560K, 0% used [0x311c0000,0x311c0000,0x31440000)
 ParOldGen       total 43776K, used 2022K [0x11c00000, 0x146c0000, 0x2eec0000)
  object space 43776K, 4% used [0x11c00000,0x11df9870,0x146c0000)
 Metaspace       used 13309K, capacity 13708K, committed 13824K, reserved 14720K
Event: 1.080 GC heap after
Heap after GC invocations=4 (full 0):
 PSYoungGen      total 35840K, used 2556K [0x2eec0000, 0x31440000, 0x3d800000)
  eden space 33280K, 0% used [0x2eec0000,0x2eec0000,0x30f40000)
  from space 2560K, 99% used [0x311c0000,0x3143f0c0,0x31440000)
  to   space 2560K, 0% used [0x30f40000,0x30f40000,0x311c0000)
 ParOldGen       total 43776K, used 4230K [0x11c00000, 0x146c0000, 0x2eec0000)
  object space 43776K, 9% used [0x11c00000,0x12021928,0x146c0000)
 Metaspace       used 13309K, capacity 13708K, committed 13824K, reserved 14720K
}
Event: 1.233 GC heap before
{Heap before GC invocations=5 (full 0):
 PSYoungGen      total 35840K, used 35836K [0x2eec0000, 0x31440000, 0x3d800000)
  eden space 33280K, 100% used [0x2eec0000,0x30f40000,0x30f40000)
  from space 2560K, 99% used [0x311c0000,0x3143f0c0,0x31440000)
  to   space 2560K, 0% used [0x30f40000,0x30f40000,0x311c0000)
 ParOldGen       total 43776K, used 4230K [0x11c00000, 0x146c0000, 0x2eec0000)
  object space 43776K, 9% used [0x11c00000,0x12021928,0x146c0000)
 Metaspace       used 14699K, capacity 15136K, committed 15232K, reserved 15744K
Event: 1.238 GC heap after
Heap after GC invocations=5 (full 0):
 PSYoungGen      total 35840K, used 2547K [0x2eec0000, 0x33940000, 0x3d800000)
  eden space 33280K, 0% used [0x2eec0000,0x2eec0000,0x30f40000)
  from space 2560K, 99% used [0x30f40000,0x311bcd50,0x311c0000)
  to   space 4864K, 0% used [0x33480000,0x33480000,0x33940000)
 ParOldGen       total 43776K, used 5540K [0x11c00000, 0x146c0000, 0x2eec0000)
  object space 43776K, 12% used [0x11c00000,0x12169370,0x146c0000)
 Metaspace       used 14699K, capacity 15136K, committed 15232K, reserved 15744K
}
Event: 1.299 GC heap before
{Heap before GC invocations=6 (full 0):
 PSYoungGen      total 35840K, used 9787K [0x2eec0000, 0x33940000, 0x3d800000)
  eden space 33280K, 21% used [0x2eec0000,0x2f5d1ff0,0x30f40000)
  from space 2560K, 99% used [0x30f40000,0x311bcd50,0x311c0000)
  to   space 4864K, 0% used [0x33480000,0x33480000,0x33940000)
 ParOldGen       total 43776K, used 5540K [0x11c00000, 0x146c0000, 0x2eec0000)
  object space 43776K, 12% used [0x11c00000,0x12169370,0x146c0000)
 Metaspace       used 15972K, capacity 16327K, committed 16384K, reserved 16768K
Event: 1.303 GC heap after
Heap after GC invocations=6 (full 0):
 PSYoungGen      total 71424K, used 2935K [0x2eec0000, 0x33940000, 0x3d800000)
  eden space 66560K, 0% used [0x2eec0000,0x2eec0000,0x32fc0000)
  from space 4864K, 60% used [0x33480000,0x3375dd40,0x33940000)
  to   space 4864K, 0% used [0x32fc0000,0x32fc0000,0x33480000)
 ParOldGen       total 43776K, used 5540K [0x11c00000, 0x146c0000, 0x2eec0000)
  object space 43776K, 12% used [0x11c00000,0x12169370,0x146c0000)
 Metaspace       used 15972K, capacity 16327K, committed 16384K, reserved 16768K
}
Event: 1.303 GC heap before
{Heap before GC invocations=7 (full 1):
 PSYoungGen      total 71424K, used 2935K [0x2eec0000, 0x33940000, 0x3d800000)
  eden space 66560K, 0% used [0x2eec0000,0x2eec0000,0x32fc0000)
  from space 4864K, 60% used [0x33480000,0x3375dd40,0x33940000)
  to   space 4864K, 0% used [0x32fc0000,0x32fc0000,0x33480000)
 ParOldGen       total 43776K, used 5540K [0x11c00000, 0x146c0000, 0x2eec0000)
  object space 43776K, 12% used [0x11c00000,0x12169370,0x146c0000)
 Metaspace       used 15972K, capacity 16327K, committed 16384K, reserved 16768K
Event: 1.338 GC heap after
Heap after GC invocations=7 (full 1):
 PSYoungGen      total 71424K, used 0K [0x2eec0000, 0x33940000, 0x3d800000)
  eden space 66560K, 0% used [0x2eec0000,0x2eec0000,0x32fc0000)
  from space 4864K, 0% used [0x33480000,0x33480000,0x33940000)
  to   space 4864K, 0% used [0x32fc0000,0x32fc0000,0x33480000)
 ParOldGen       total 34048K, used 7276K [0x11c00000, 0x13d40000, 0x2eec0000)
  object space 34048K, 21% used [0x11c00000,0x1231b118,0x13d40000)
 Metaspace       used 15971K, capacity 16324K, committed 16384K, reserved 16768K
}

