# JRE version: Java(TM) SE Runtime Environment (8.0_20-b26) (build 1.8.0_20-b26)
# Java VM: Java HotSpot(TM) Server VM (25.20-b23 mixed mode windows-x86 )
Heap:
 PSYoungGen      total 35840K, used 28367K [0x2f0c0000, 0x31640000, 0x3da00000)
  eden space 33280K, 79% used [0x2f0c0000,0x30ab8e60,0x31140000)
  from space 2560K, 69% used [0x31140000,0x312fae98,0x313c0000)
  to   space 2560K, 0% used [0x313c0000,0x313c0000,0x31640000)
 ParOldGen       total 34048K, used 7087K [0x11e00000, 0x13f40000, 0x2f0c0000)
  object space 34048K, 20% used [0x11e00000,0x124ebdc8,0x13f40000)
 Metaspace       used 19285K, capacity 19808K, committed 19968K, reserved 20864K
GC Heap History (10 events):
Event: 1.060 GC heap before
{Heap before GC invocations=4 (full 0):
 PSYoungGen      total 19200K, used 19184K [0x2f0c0000, 0x31640000, 0x3da00000)
  eden space 16640K, 100% used [0x2f0c0000,0x30100000,0x30100000)
  from space 2560K, 99% used [0x30100000,0x3037c288,0x30380000)
  to   space 2560K, 0% used [0x313c0000,0x313c0000,0x31640000)
 ParOldGen       total 43776K, used 2059K [0x11e00000, 0x148c0000, 0x2f0c0000)
  object space 43776K, 4% used [0x11e00000,0x12002ee0,0x148c0000)
 Metaspace       used 13081K, capacity 13513K, committed 13568K, reserved 13696K
Event: 1.064 GC heap after
Heap after GC invocations=4 (full 0):
 PSYoungGen      total 35840K, used 2547K [0x2f0c0000, 0x31640000, 0x3da00000)
  eden space 33280K, 0% used [0x2f0c0000,0x2f0c0000,0x31140000)
  from space 2560K, 99% used [0x313c0000,0x3163cc20,0x31640000)
  to   space 2560K, 0% used [0x31140000,0x31140000,0x313c0000)
 ParOldGen       total 43776K, used 4214K [0x11e00000, 0x148c0000, 0x2f0c0000)
  object space 43776K, 9% used [0x11e00000,0x1221d8b8,0x148c0000)
 Metaspace       used 13081K, capacity 13513K, committed 13568K, reserved 13696K
}
Event: 1.223 GC heap before
{Heap before GC invocations=5 (full 0):
 PSYoungGen      total 35840K, used 35827K [0x2f0c0000, 0x31640000, 0x3da00000)
  eden space 33280K, 100% used [0x2f0c0000,0x31140000,0x31140000)
  from space 2560K, 99% used [0x313c0000,0x3163cc20,0x31640000)
  to   space 2560K, 0% used [0x31140000,0x31140000,0x313c0000)
 ParOldGen       total 43776K, used 4214K [0x11e00000, 0x148c0000, 0x2f0c0000)
  object space 43776K, 9% used [0x11e00000,0x1221d8b8,0x148c0000)
 Metaspace       used 14829K, capacity 15271K, committed 15360K, reserved 15744K
Event: 1.229 GC heap after
Heap after GC invocations=5 (full 0):
 PSYoungGen      total 35840K, used 2559K [0x2f0c0000, 0x31640000, 0x3da00000)
  eden space 33280K, 0% used [0x2f0c0000,0x2f0c0000,0x31140000)
  from space 2560K, 99% used [0x31140000,0x313bfc58,0x313c0000)
  to   space 2560K, 0% used [0x313c0000,0x313c0000,0x31640000)
 ParOldGen       total 43776K, used 5537K [0x11e00000, 0x148c0000, 0x2f0c0000)
  object space 43776K, 12% used [0x11e00000,0x12368580,0x148c0000)
 Metaspace       used 14829K, capacity 15271K, committed 15360K, reserved 15744K
}
Event: 1.286 GC heap before
{Heap before GC invocations=6 (full 0):
 PSYoungGen      total 35840K, used 12185K [0x2f0c0000, 0x31640000, 0x3da00000)
  eden space 33280K, 28% used [0x2f0c0000,0x2fa26ac8,0x31140000)
  from space 2560K, 99% used [0x31140000,0x313bfc58,0x313c0000)
  to   space 2560K, 0% used [0x313c0000,0x313c0000,0x31640000)
 ParOldGen       total 43776K, used 5537K [0x11e00000, 0x148c0000, 0x2f0c0000)
  object space 43776K, 12% used [0x11e00000,0x12368580,0x148c0000)
 Metaspace       used 15954K, capacity 16329K, committed 16384K, reserved 16768K
Event: 1.291 GC heap after
Heap after GC invocations=6 (full 0):
 PSYoungGen      total 35840K, used 2559K [0x2f0c0000, 0x31640000, 0x3da00000)
  eden space 33280K, 0% used [0x2f0c0000,0x2f0c0000,0x31140000)
  from space 2560K, 99% used [0x313c0000,0x3163fc58,0x31640000)
  to   space 2560K, 0% used [0x31140000,0x31140000,0x313c0000)
 ParOldGen       total 43776K, used 5852K [0x11e00000, 0x148c0000, 0x2f0c0000)
  object space 43776K, 13% used [0x11e00000,0x123b71b8,0x148c0000)
 Metaspace       used 15954K, capacity 16329K, committed 16384K, reserved 16768K
}
Event: 1.291 GC heap before
{Heap before GC invocations=7 (full 1):
 PSYoungGen      total 35840K, used 2559K [0x2f0c0000, 0x31640000, 0x3da00000)
  eden space 33280K, 0% used [0x2f0c0000,0x2f0c0000,0x31140000)
  from space 2560K, 99% used [0x313c0000,0x3163fc58,0x31640000)
  to   space 2560K, 0% used [0x31140000,0x31140000,0x313c0000)
 ParOldGen       total 43776K, used 5852K [0x11e00000, 0x148c0000, 0x2f0c0000)
  object space 43776K, 13% used [0x11e00000,0x123b71b8,0x148c0000)
 Metaspace       used 15954K, capacity 16329K, committed 16384K, reserved 16768K
Event: 1.331 GC heap after
Heap after GC invocations=7 (full 1):
 PSYoungGen      total 35840K, used 0K [0x2f0c0000, 0x31640000, 0x3da00000)
  eden space 33280K, 0% used [0x2f0c0000,0x2f0c0000,0x31140000)
  from space 2560K, 0% used [0x313c0000,0x313c0000,0x31640000)
  to   space 2560K, 0% used [0x31140000,0x31140000,0x313c0000)
 ParOldGen       total 34048K, used 7083K [0x11e00000, 0x13f40000, 0x2f0c0000)
  object space 34048K, 20% used [0x11e00000,0x124eadc8,0x13f40000)
 Metaspace       used 15953K, capacity 16327K, committed 16384K, reserved 16768K
}
Event: 3.135 GC heap before
{Heap before GC invocations=8 (full 1):
 PSYoungGen      total 35840K, used 33280K [0x2f0c0000, 0x31640000, 0x3da00000)
  eden space 33280K, 100% used [0x2f0c0000,0x31140000,0x31140000)
  from space 2560K, 0% used [0x313c0000,0x313c0000,0x31640000)
  to   space 2560K, 0% used [0x31140000,0x31140000,0x313c0000)
 ParOldGen       total 34048K, used 7083K [0x11e00000, 0x13f40000, 0x2f0c0000)
  object space 34048K, 20% used [0x11e00000,0x124eadc8,0x13f40000)
 Metaspace       used 18137K, capacity 18695K, committed 18816K, reserved 18816K
Event: 3.139 GC heap after
Heap after GC invocations=8 (full 1):
 PSYoungGen      total 35840K, used 1771K [0x2f0c0000, 0x31640000, 0x3da00000)
  eden space 33280K, 0% used [0x2f0c0000,0x2f0c0000,0x31140000)
  from space 2560K, 69% used [0x31140000,0x312fae98,0x313c0000)
  to   space 2560K, 0% used [0x313c0000,0x313c0000,0x31640000)
 ParOldGen       total 34048K, used 7087K [0x11e00000, 0x13f40000, 0x2f0c0000)
  object space 34048K, 20% used [0x11e00000,0x124ebdc8,0x13f40000)
 Metaspace       used 18137K, capacity 18695K, committed 18816K, reserved 18816K
}

